2018-01-15 10:20:24  [ main:30687 ] - [ ERROR ]  write out data fail
java.lang.NullPointerException
	at java.io.File.<init>(File.java:317)
	at com.wan.simpleservice.Response.sendStaticResource(Response.java:32)
	at com.wan.simpleservice.HttpServer.await(HttpServer.java:63)
	at com.wan.simpleservice.HttpServer.main(HttpServer.java:34)
2018-01-15 10:23:26  [ main:114721 ] - [ ERROR ]  write out data fail
java.lang.NullPointerException
	at java.io.File.<init>(File.java:317)
	at com.wan.simpleservice.Response.sendStaticResource(Response.java:32)
	at com.wan.simpleservice.HttpServer.await(HttpServer.java:63)
	at com.wan.simpleservice.HttpServer.main(HttpServer.java:34)
2018-01-15 10:27:53  [ main:15679 ] - [ ERROR ]  write out data fail
java.lang.NullPointerException
	at java.io.File.<init>(File.java:317)
	at com.wan.simpleservice.Response.sendStaticResource(Response.java:32)
	at com.wan.simpleservice.HttpServer.await(HttpServer.java:63)
	at com.wan.simpleservice.HttpServer.main(HttpServer.java:34)
2018-01-15 10:28:39  [ main:31937 ] - [ ERROR ]  write out data fail
java.lang.NullPointerException
	at java.io.File.<init>(File.java:317)
	at com.wan.simpleservice.Response.sendStaticResource(Response.java:32)
	at com.wan.simpleservice.HttpServer.await(HttpServer.java:63)
	at com.wan.simpleservice.HttpServer.main(HttpServer.java:34)
2018-01-15 10:31:44  [ main:75124 ] - [ ERROR ]  write out data fail
java.lang.NullPointerException
	at java.io.File.<init>(File.java:317)
	at com.wan.simpleservice.Response.sendStaticResource(Response.java:32)
	at com.wan.simpleservice.HttpServer.await(HttpServer.java:63)
	at com.wan.simpleservice.HttpServer.main(HttpServer.java:34)
